09-08-2016 15:09:16 Push All: 1002 target devices(s) in DB
09-08-2016 15:09:16 Payload [Choose news!: This is the place to add the message content.8]
09-08-2016 15:09:18 Pushed batch: 100 item(s)
09-08-2016 15:09:19 Pushed batch: 100 item(s)
09-08-2016 15:09:20 Pushed batch: 100 item(s)
09-08-2016 15:09:21 Pushed batch: 100 item(s)
09-08-2016 15:09:23 Pushed batch: 100 item(s)
09-08-2016 15:09:24 Pushed batch: 100 item(s)
09-08-2016 15:09:25 Pushed batch: 100 item(s)
09-08-2016 15:09:27 Pushed batch: 100 item(s)
09-08-2016 15:09:28 Pushed batch: 100 item(s)
09-08-2016 15:09:30 Pushed batch: 100 item(s)
09-08-2016 15:09:30 Pushed batch: 2 item(s)
----09-08-2016 15:09:42 Push All: 1002 target devices(s) in DB
09-08-2016 15:09:42 Payload [Choose news!: This is the place to add the message content.8]
09-08-2016 15:09:43 Pushed batch: 100 item(s)
09-08-2016 15:09:44 Pushed batch: 100 item(s)
09-08-2016 15:09:46 Pushed batch: 100 item(s)
09-08-2016 15:09:47 Pushed batch: 100 item(s)
09-08-2016 15:09:48 Pushed batch: 100 item(s)
09-08-2016 15:09:49 Pushed batch: 100 item(s)
09-08-2016 15:09:51 Pushed batch: 100 item(s)
09-08-2016 15:09:52 Pushed batch: 100 item(s)
09-08-2016 15:09:53 Pushed batch: 100 item(s)
09-08-2016 15:09:54 Pushed batch: 100 item(s)
09-08-2016 15:09:55 Pushed batch: 2 item(s)
----09-08-2016 15:25:51 Push All: 1002 target devices(s) in DB
09-08-2016 15:25:51 Payload [Choose news!: This is the place to add the message content.]
09-08-2016 15:25:51 Pushed batch: 100 item(s)
09-08-2016 15:25:51 Pushed batch: 100 item(s)
09-08-2016 15:25:51 Pushed batch: 100 item(s)
09-08-2016 15:25:51 Pushed batch: 100 item(s)
09-08-2016 15:25:51 Pushed batch: 100 item(s)
09-08-2016 15:25:51 Pushed batch: 100 item(s)
09-08-2016 15:25:51 Pushed batch: 100 item(s)
09-08-2016 15:25:51 Pushed batch: 100 item(s)
09-08-2016 15:25:51 Pushed batch: 100 item(s)
09-08-2016 15:25:51 Pushed batch: 100 item(s)
09-08-2016 15:25:51 Pushed batch: 2 item(s)
----09-08-2016 16:54:21 Push All: 1002 target devices(s) in DB
09-08-2016 16:54:21 Payload [Choose news!: This is the place to add the message content.]
09-08-2016 16:54:21 Pushed batch: 100 item(s)
09-08-2016 16:54:21 Pushed batch: 100 item(s)
09-08-2016 16:54:21 Pushed batch: 100 item(s)
09-08-2016 16:54:21 Pushed batch: 100 item(s)
09-08-2016 16:54:21 Pushed batch: 100 item(s)
09-08-2016 16:54:21 Pushed batch: 100 item(s)
09-08-2016 16:54:21 Pushed batch: 100 item(s)
09-08-2016 16:54:21 Pushed batch: 100 item(s)
09-08-2016 16:54:21 Pushed batch: 100 item(s)
09-08-2016 16:54:21 Pushed batch: 100 item(s)
09-08-2016 16:54:21 Pushed batch: 2 item(s)
----09-08-2016 17:01:16 Push All: 1 target devices(s) in DB
09-08-2016 17:01:16 Payload [Choose news!: This is the place to add the message content.]
09-08-2016 17:01:16 Pushed batch: 1 item(s)
----09-08-2016 18:59:51 Push All: 1002 target devices(s) in DB
09-08-2016 18:59:51 Payload [Choose news!: This is the place to add the message content.]
09-08-2016 18:59:51 Pushed batch: 100 item(s)
09-08-2016 18:59:51 Pushed batch: 100 item(s)
09-08-2016 18:59:51 Pushed batch: 100 item(s)
09-08-2016 18:59:51 Pushed batch: 100 item(s)
09-08-2016 18:59:51 Pushed batch: 100 item(s)
09-08-2016 18:59:51 Pushed batch: 100 item(s)
09-08-2016 18:59:51 Pushed batch: 100 item(s)
09-08-2016 18:59:51 Pushed batch: 100 item(s)
09-08-2016 18:59:51 Pushed batch: 100 item(s)
09-08-2016 18:59:51 Pushed batch: 100 item(s)
09-08-2016 18:59:51 Pushed batch: 2 item(s)
----09-08-2016 19:01:07 Push All: 1002 target devices(s) in DB
09-08-2016 19:01:07 Payload [Choose news!: This is the place to add the message content.]
09-08-2016 19:01:07 Pushed batch: 100 item(s)
09-08-2016 19:01:07 Pushed batch: 100 item(s)
09-08-2016 19:01:07 Pushed batch: 100 item(s)
09-08-2016 19:01:07 Pushed batch: 100 item(s)
09-08-2016 19:01:07 Pushed batch: 100 item(s)
09-08-2016 19:01:07 Pushed batch: 100 item(s)
09-08-2016 19:01:07 Pushed batch: 100 item(s)
09-08-2016 19:01:07 Pushed batch: 100 item(s)
09-08-2016 19:01:07 Pushed batch: 100 item(s)
09-08-2016 19:01:07 Pushed batch: 100 item(s)
09-08-2016 19:01:07 Pushed batch: 2 item(s)
----09-08-2016 19:02:05 Push All: 1002 target devices(s) in DB
09-08-2016 19:02:05 Payload [Choose news!: This is the place to add the message content.]
09-08-2016 19:02:05 Pushed batch: 100 item(s)
09-08-2016 19:02:05 Pushed batch: 100 item(s)
09-08-2016 19:02:05 Pushed batch: 100 item(s)
09-08-2016 19:02:05 Pushed batch: 100 item(s)
09-08-2016 19:02:05 Pushed batch: 100 item(s)
09-08-2016 19:02:05 Pushed batch: 100 item(s)
09-08-2016 19:02:05 Pushed batch: 100 item(s)
09-08-2016 19:02:05 Pushed batch: 100 item(s)
09-08-2016 19:02:05 Pushed batch: 100 item(s)
09-08-2016 19:02:05 Pushed batch: 100 item(s)
09-08-2016 19:02:05 Pushed batch: 2 item(s)
----09-08-2016 19:04:10 Push All: 1002 target devices(s) in DB
09-08-2016 19:04:10 Payload [Choose news!: This is the place to add the message content.]
09-08-2016 19:04:10 Pushed batch: 100 item(s)
09-08-2016 19:04:10 Pushed batch: 100 item(s)
09-08-2016 19:04:10 Pushed batch: 100 item(s)
09-08-2016 19:04:10 Pushed batch: 100 item(s)
09-08-2016 19:04:10 Pushed batch: 100 item(s)
09-08-2016 19:04:10 Pushed batch: 100 item(s)
09-08-2016 19:04:10 Pushed batch: 100 item(s)
09-08-2016 19:04:10 Pushed batch: 100 item(s)
09-08-2016 19:04:10 Pushed batch: 100 item(s)
09-08-2016 19:04:10 Pushed batch: 100 item(s)
09-08-2016 19:04:10 Pushed batch: 2 item(s)
----09-08-2016 20:29:35 Push All: 1002 target devices(s) in DB
09-08-2016 20:29:35 Payload [Choose news!: This is the place to add the message content.]
09-08-2016 20:29:35 Pushed batch: 100 item(s)
09-08-2016 20:29:35 Pushed batch: 100 item(s)
09-08-2016 20:29:35 Pushed batch: 100 item(s)
09-08-2016 20:29:35 Pushed batch: 100 item(s)
09-08-2016 20:29:35 Pushed batch: 100 item(s)
09-08-2016 20:29:35 Pushed batch: 100 item(s)
09-08-2016 20:29:35 Pushed batch: 100 item(s)
09-08-2016 20:29:35 Pushed batch: 100 item(s)
09-08-2016 20:29:35 Pushed batch: 100 item(s)
09-08-2016 20:29:35 Pushed batch: 100 item(s)
09-08-2016 20:29:35 Pushed batch: 2 item(s)
----10-08-2016 11:40:38 Push All: 2 target devices(s) in DB
10-08-2016 11:40:38 Payload [Choose news!: Hello Android!]
10-08-2016 11:40:38 Pushed batch: 2 item(s)
----10-08-2016 11:41:06 Push All: 2 target devices(s) in DB
10-08-2016 11:41:06 Payload [Choose news!: This is the place to add the message content.]
10-08-2016 11:41:06 Pushed batch: 2 item(s)
----10-08-2016 11:41:38 Push All: 2 target devices(s) in DB
10-08-2016 11:41:38 Payload [Choose news!: Sexy]
10-08-2016 11:41:39 Pushed batch: 2 item(s)
----10-08-2016 11:44:28 Push All: 2 target devices(s) in DB
10-08-2016 11:44:28 Payload [Choose news!: Sexy]
10-08-2016 11:44:28 Pushed batch: 2 item(s)
----10-08-2016 11:50:25 Push All: 2 target devices(s) in DB
10-08-2016 11:50:25 Payload [Choose news!: Hello my devices]
10-08-2016 11:50:25 Pushed batch: 2 item(s)
----10-08-2016 14:00:40 Push All: 2 target devices(s) in DB
10-08-2016 14:00:40 Payload [Choose news!: Good afternoon comrades]
10-08-2016 14:00:41 Pushed batch: 2 item(s)
----10-08-2016 16:00:26 Push All: 2 target devices(s) in DB
10-08-2016 16:00:26 Payload [Choose news!: Is anyone out there?!]
10-08-2016 16:00:26 Pushed batch: 2 item(s)
----10-08-2016 18:02:06 Push All: 1003 target devices(s) in DB
10-08-2016 18:02:06 Payload [Choose news!: Test message]
10-08-2016 18:02:07 Pushed batch: 100 item(s)
10-08-2016 18:02:08 Pushed batch: 100 item(s)
10-08-2016 18:02:09 Pushed batch: 100 item(s)
10-08-2016 18:02:11 Pushed batch: 100 item(s)
10-08-2016 18:02:12 Pushed batch: 100 item(s)
10-08-2016 18:02:13 Pushed batch: 100 item(s)
10-08-2016 18:02:14 Pushed batch: 100 item(s)
10-08-2016 18:02:16 Pushed batch: 100 item(s)
10-08-2016 18:02:17 Pushed batch: 100 item(s)
10-08-2016 18:02:18 Pushed batch: 100 item(s)
10-08-2016 18:02:18 Pushed batch: 3 item(s)
----10-08-2016 18:05:31 Push All: 2 target devices(s) in DB
10-08-2016 18:05:31 Payload [Choose news!: Kirk to enterprise, come in enterprise.]
10-08-2016 18:05:31 Pushed batch: 2 item(s)
----10-08-2016 18:06:17 Push All: 2 target devices(s) in DB
10-08-2016 18:06:17 Payload [Choose news!: Kirk to enterprise, come in enterprise.]
10-08-2016 18:06:17 Pushed batch: 2 item(s)
----10-08-2016 18:07:22 Push All: 2 target devices(s) in DB
10-08-2016 18:07:22 Payload [Choose news!: Kirk to enterprise, come in enterprise.]
10-08-2016 18:07:23 Pushed batch: 2 item(s)
----10-08-2016 18:07:48 Push All: 2 target devices(s) in DB
10-08-2016 18:07:48 Payload [Choose news!: Kirk to enterprise, come in enterprise.]
10-08-2016 18:07:48 Pushed batch: 2 item(s)
----10-08-2016 18:08:10 Push All: 2 target devices(s) in DB
10-08-2016 18:08:10 Payload [Choose news!: Test message]
10-08-2016 18:08:10 Pushed batch: 2 item(s)
----10-08-2016 18:09:42 Push All: 2 target devices(s) in DB
10-08-2016 18:09:42 Payload [Choose news!: :-) Test message :-O]
10-08-2016 18:09:42 Pushed batch: 2 item(s)
----10-08-2016 22:50:29 Push All: 2 target devices(s) in DB
10-08-2016 22:50:29 Payload [Choose news!: Attention all mobile devices]
10-08-2016 22:50:29 Pushed batch: 2 item(s)
----10-08-2016 23:53:34 Push All: 2 target devices(s) in DB
10-08-2016 23:53:34 Payload [Choose news!: Attention mobile devices]
10-08-2016 23:53:35 Pushed batch: 2 item(s)
----10-08-2016 23:54:28 Push All: 2 target devices(s) in DB
10-08-2016 23:54:28 Payload [Choose news!: Attention mobile devices]
10-08-2016 23:54:28 Pushed batch: 2 item(s)
----10-08-2016 23:54:49 Push All: 2 target devices(s) in DB
10-08-2016 23:54:49 Payload [Choose news!: Attention mobile devices]
10-08-2016 23:54:49 Pushed batch: 2 item(s)
----10-08-2016 23:57:11 Push All: 2 target devices(s) in DB
10-08-2016 23:57:11 Payload [Choose news!: Attention mobile devices]
10-08-2016 23:57:12 Pushed batch: 2 item(s)
----11-08-2016 00:01:00 Push All: 2 target devices(s) in DB
11-08-2016 00:01:00 Payload [Choose news!: Attention mobile devices]
11-08-2016 00:01:00 Pushed batch: 2 item(s)
----11-08-2016 10:51:29 Push All: 2 target devices(s) in DB
11-08-2016 10:51:29 Payload [Choose news!: Test message]
11-08-2016 10:51:29 Pushed batch: 2 item(s)
----14-08-2016 11:35:44 Push All: 2 target devices(s) in DB
14-08-2016 11:35:44 Payload [Choose news!: Impossible engineering made possible!]
14-08-2016 11:35:44 Pushed batch: 2 item(s)
----14-08-2016 11:36:01 Push All: 2 target devices(s) in DB
14-08-2016 11:36:01 Payload [Choose news!: Impossible engineering made possible!]
14-08-2016 11:36:01 Pushed batch: 2 item(s)
----14-08-2016 11:44:01 Push All: 3 target devices(s) in DB
14-08-2016 11:44:01 Payload [Choose news!: Impossible engineering made possible!]
14-08-2016 11:44:01 Pushed batch: 3 item(s)
----14-08-2016 11:47:59 Push All: 3 target devices(s) in DB
14-08-2016 11:47:59 Payload [Choose news!: Testing]
14-08-2016 11:47:59 Pushed batch: 3 item(s)
----14-08-2016 11:53:04 Push All: 3 target devices(s) in DB
14-08-2016 11:53:04 Payload [Choose news!: Testing2]
14-08-2016 11:53:05 Pushed batch: 3 item(s)
----14-08-2016 11:53:16 Push All: 3 target devices(s) in DB
14-08-2016 11:53:16 Payload [Choose news!: Testing2]
14-08-2016 11:53:16 Pushed batch: 3 item(s)
----14-08-2016 11:53:51 Push All: 3 target devices(s) in DB
14-08-2016 11:53:51 Payload [Choose news!: Testing2]
14-08-2016 11:53:51 Pushed batch: 3 item(s)
----14-08-2016 11:55:59 Push All: 3 target devices(s) in DB
14-08-2016 11:55:59 Payload [Choose news!: Impossible engineering made possible]
14-08-2016 11:55:59 Pushed batch: 3 item(s)
----14-08-2016 12:33:46 Push All: 4 target devices(s) in DB
14-08-2016 12:33:46 Payload [Choose news!: Push]
14-08-2016 12:33:47 Pushed batch: 4 item(s)
----14-08-2016 12:36:07 Push All: 4 target devices(s) in DB
14-08-2016 12:36:07 Payload [Choose news!: push2]
14-08-2016 12:36:07 Pushed batch: 4 item(s)
----14-08-2016 12:37:37 Push All: 4 target devices(s) in DB
14-08-2016 12:37:37 Payload [Choose news!: push3]
14-08-2016 12:37:37 Pushed batch: 4 item(s)
----14-08-2016 12:38:13 Push All: 4 target devices(s) in DB
14-08-2016 12:38:13 Payload [Choose news!: push4]
14-08-2016 12:38:13 Pushed batch: 4 item(s)
----14-08-2016 12:41:04 Push All: 4 target devices(s) in DB
14-08-2016 12:41:04 Payload [Choose news!: Push5]
14-08-2016 12:41:04 Pushed batch: 4 item(s)
----14-08-2016 12:42:10 Push All: 4 target devices(s) in DB
14-08-2016 12:42:10 Payload [Choose news!: Push5]
14-08-2016 12:42:10 Pushed batch: 4 item(s)
----14-08-2016 12:43:11 Push All: 4 target devices(s) in DB
14-08-2016 12:43:11 Payload [Choose news!: Push6]
14-08-2016 12:43:11 Pushed batch: 4 item(s)
----14-08-2016 12:44:33 Push All: 4 target devices(s) in DB
14-08-2016 12:44:33 Payload [Choose news!: Push7]
14-08-2016 12:44:33 Pushed batch: 4 item(s)
----14-08-2016 12:45:06 Push All: 4 target devices(s) in DB
14-08-2016 12:45:06 Payload [Choose news!: Push8]
14-08-2016 12:45:06 Pushed batch: 4 item(s)
----14-08-2016 12:45:41 Push All: 4 target devices(s) in DB
14-08-2016 12:45:41 Payload [Choose news!: Push9]
14-08-2016 12:45:41 Pushed batch: 4 item(s)
----14-08-2016 12:46:43 Push All: 4 target devices(s) in DB
14-08-2016 12:46:43 Payload [Choose news!: Push10]
14-08-2016 12:46:45 Pushed batch: 4 item(s)
----14-08-2016 12:49:30 Push All: 4 target devices(s) in DB
14-08-2016 12:49:30 Payload [Choose news!: Push10]
14-08-2016 12:49:30 Pushed batch: 4 item(s)
----14-08-2016 12:50:04 Push All: 4 target devices(s) in DB
14-08-2016 12:50:04 Payload [Choose news!: Push10]
14-08-2016 12:50:04 Pushed batch: 4 item(s)
----14-08-2016 12:52:01 Push All: 4 target devices(s) in DB
14-08-2016 12:52:01 Payload [Choose news!: Push10]
14-08-2016 12:52:02 Pushed batch: 4 item(s)
----14-08-2016 12:53:51 Push All: 4 target devices(s) in DB
14-08-2016 12:53:51 Payload [Choose news!: Push10]
14-08-2016 12:53:51 Pushed batch: 4 item(s)
----14-08-2016 12:56:56 Push All: 2 target devices(s) in DB
14-08-2016 12:56:56 Payload [Choose news!: This is the place to add the message content.]
14-08-2016 12:56:56 Pushed batch: 2 item(s)
----14-08-2016 12:59:20 Push All: 2 target devices(s) in DB
14-08-2016 12:59:20 Payload [Choose news!: This is the place to add the message content.]
14-08-2016 12:59:20 Pushed batch: 2 item(s)
----14-08-2016 13:00:17 Push All: 2 target devices(s) in DB
14-08-2016 13:00:17 Payload [Choose news!: This is the place to add the message content.]
14-08-2016 13:00:17 Pushed batch: 2 item(s)
----14-08-2016 13:03:13 Push All: 2 target devices(s) in DB
14-08-2016 13:03:13 Payload [Choose news!: This is the place to add the message content.]
14-08-2016 13:03:13 Pushed batch: 2 item(s)
----14-08-2016 13:04:30 Push All: 2 target devices(s) in DB
14-08-2016 13:04:30 Payload [Choose news!: This is the place to add the message content.]
14-08-2016 13:04:30 Pushed batch: 2 item(s)
----14-08-2016 13:04:50 Push All: 3 target devices(s) in DB
14-08-2016 13:04:50 Payload [Choose news!: This is the place to add the message content.]
14-08-2016 13:04:50 Pushed batch: 3 item(s)
----14-08-2016 13:06:47 Push All: 3 target devices(s) in DB
14-08-2016 13:06:47 Payload [Choose news!: This is the place to add the message content.]
14-08-2016 13:06:47 Pushed batch: 3 item(s)
----14-08-2016 13:08:04 Push All: 3 target devices(s) in DB
14-08-2016 13:08:04 Payload [Choose news!: Hello]
14-08-2016 13:08:04 Pushed batch: 3 item(s)
----14-08-2016 13:08:13 Push All: 3 target devices(s) in DB
14-08-2016 13:08:13 Payload [Choose news!: Push the button]
14-08-2016 13:08:13 Pushed batch: 3 item(s)
----14-08-2016 13:08:37 Push All: 3 target devices(s) in DB
14-08-2016 13:08:37 Payload [Choose news!: Push the button]
14-08-2016 13:08:37 Pushed batch: 3 item(s)
----14-08-2016 13:10:27 Push All: 3 target devices(s) in DB
14-08-2016 13:10:27 Payload [Choose news!: Push the button!]
14-08-2016 13:10:28 Pushed batch: 3 item(s)
----14-08-2016 13:48:01 Push All: 3 target devices(s) in DB
14-08-2016 13:48:01 Payload [Choose news!: Push the button!]
14-08-2016 13:48:02 Pushed batch: 3 item(s)
----14-08-2016 13:48:15 Push All: 3 target devices(s) in DB
14-08-2016 13:48:15 Payload [Choose news!: Wargames -- it's a simulation!!]
14-08-2016 13:48:16 Pushed batch: 3 item(s)
----14-08-2016 19:50:49 Push All: 3 target devices(s) in DB
14-08-2016 19:50:49 Payload [: ]
14-08-2016 19:50:49 Pushed batch: 3 item(s)
----14-08-2016 19:51:19 Push All: 3 target devices(s) in DB
14-08-2016 19:51:19 Payload [Choose news!: Pushed an Ace]
14-08-2016 19:51:19 Pushed batch: 3 item(s)
----14-08-2016 22:47:46 Push All: 3 target devices(s) in DB
14-08-2016 22:47:46 Payload [: ]
14-08-2016 22:47:46 Pushed batch: 3 item(s)
----15-08-2016 11:02:32 Push All: 3 target devices(s) in DB
15-08-2016 11:02:32 Payload [Choose news!: test passwd folder]
15-08-2016 11:02:33 Pushed batch: 3 item(s)
----15-08-2016 11:53:57 Push All: 2 target devices(s) in DB
15-08-2016 11:53:57 Payload [Choose news!: Space, the final frontier...]
15-08-2016 11:53:58 Pushed batch: 2 item(s)
----15-08-2016 12:03:48 Push All: 2 target devices(s) in DB
15-08-2016 12:03:48 Payload [Choose news!: run in bg test]
15-08-2016 12:03:48 Pushed batch: 2 item(s)
----15-08-2016 12:21:01 Push All: 2 target devices(s) in DB
15-08-2016 12:21:01 Payload [Choose news!: run in bg test II]
15-08-2016 12:21:01 Pushed batch: 2 item(s)
----15-08-2016 12:29:10 Push All: 2 target devices(s) in DB
15-08-2016 12:29:10 Payload [Choose news!: run in bg test III]
15-08-2016 12:29:10 Pushed batch: 2 item(s)
----15-08-2016 12:33:06 Push All: 2 target devices(s) in DB
15-08-2016 12:33:06 Payload [Choose news!: Subject test]
15-08-2016 12:33:07 Pushed batch: 2 item(s)
----01-09-2016 15:42:48 Push All: 8 target devices(s) in DB
01-09-2016 15:42:48 Payload [Choose news!: Welcome (back) to Royal Holloway! The new academic year starts soon - let us know about you and your views via CHOOSE!]
01-09-2016 15:42:49 Pushed batch: 8 item(s)
----09-09-2016 16:03:09 Push All: 9 target devices(s) in DB
09-09-2016 16:03:09 Payload [Choose news!: An apple a day does not keep stress at bay]
09-09-2016 16:03:10 Pushed batch: 9 item(s)
----05-12-2016 15:55:04 Push All: 39 target devices(s) in DB
05-12-2016 15:55:04 Payload [Choose news!: System message!]
05-12-2016 15:55:05 Pushed batch: 39 item(s)
----05-12-2016 15:55:05 Push All: 0 target devices(s) in DB
05-12-2016 15:55:05 Payload [Choose news!: System message!]
05-12-2016 15:55:06 Pushed batch: 0 item(s)
----05-12-2016 15:59:28 Push All: 39 target devices(s) in DB
05-12-2016 15:59:28 Payload [Choose news!: System message]
05-12-2016 15:59:29 Pushed batch: 39 item(s)
----05-12-2016 15:59:29 Push All: 1 target devices(s) in DB
05-12-2016 15:59:29 Payload [Choose news!: System message]
05-12-2016 15:59:29 Pushed batch: 0 item(s)
----05-12-2016 16:02:27 Push All: 39 target devices(s) in DB
05-12-2016 16:02:27 Payload [Choose news!: System message II]
----05-12-2016 16:02:27 Push All: 1 target devices(s) in DB
05-12-2016 16:02:27 Payload [Choose news!: System message II]
05-12-2016 16:02:28 Pushed batch: 0 item(s)
----05-12-2016 16:04:43 Push All: 39 target devices(s) in DB
05-12-2016 16:04:43 Payload [Choose news!: System message II]
----05-12-2016 16:04:43 Push All: 1 target devices(s) in DB
05-12-2016 16:04:43 Payload [Choose news!: System message II]
05-12-2016 16:04:43 Pushed batch: 0 item(s)
----05-12-2016 16:05:17 Push All: 39 target devices(s) in DB
05-12-2016 16:05:17 Payload [Choose news!: System message II]
----05-12-2016 16:05:17 Push All: 1 target devices(s) in DB
05-12-2016 16:05:17 Payload [Choose news!: System message II]
05-12-2016 16:05:17 Pushed batch: 0 item(s)
----05-12-2016 16:05:53 Push All: 39 target devices(s) in DB
05-12-2016 16:05:53 Payload [Choose news!: System message II]
----05-12-2016 16:05:53 Push All: 1 target devices(s) in DB
05-12-2016 16:05:53 Payload [Choose news!: System message II]
05-12-2016 16:05:53 Pushed batch: 0 item(s)
----05-12-2016 16:06:48 Push All: 39 target devices(s) in DB
05-12-2016 16:06:48 Payload [Choose news!: System message II]
----05-12-2016 16:06:48 Push All: 3 target devices(s) in DB
05-12-2016 16:06:48 Payload [Choose news!: System message II]
05-12-2016 16:06:49 Pushed batch: 3 item(s)
----05-12-2016 16:09:03 Push All: 39 target devices(s) in DB
05-12-2016 16:09:03 Payload [Choose news!: System message II]
----05-12-2016 16:09:03 Push All: 3 target devices(s) in DB
05-12-2016 16:09:03 Payload [Choose news!: System message II]
05-12-2016 16:09:03 Pushed batch: 3 item(s)
----05-12-2016 16:23:10 Push All: 39 target devices(s) in DB
05-12-2016 16:23:10 Payload [Choose news!: Firecracker!]
----05-12-2016 16:23:10 Push All: 3 target devices(s) in DB
05-12-2016 16:23:10 Payload [Choose news!: Firecracker!]
05-12-2016 16:23:10 Pushed batch: 3 item(s)
----05-12-2016 16:43:33 Push All: 39 target devices(s) in DB
05-12-2016 16:43:33 Payload [Choose news!: Firecracker!]
----05-12-2016 16:43:33 Push All: 3 target devices(s) in DB
05-12-2016 16:43:33 Payload [Choose news!: Firecracker!]
05-12-2016 16:43:48 Push All: 39 target devices(s) in DB
05-12-2016 16:43:48 Payload [Choose news!: Firecracker!]
----05-12-2016 16:43:48 Push All: 3 target devices(s) in DB
05-12-2016 16:43:48 Payload [Choose news!: Firecracker!]
05-12-2016 16:44:08 Push All: 39 target devices(s) in DB
05-12-2016 16:44:08 Payload [Choose news!: Firecracker!]
----05-12-2016 16:44:08 Push All: 3 target devices(s) in DB
05-12-2016 16:44:08 Payload [Choose news!: Firecracker!]
05-12-2016 16:47:22 Push All: 39 target devices(s) in DB
05-12-2016 16:47:22 Payload [Choose news!: Firecracker!]
----05-12-2016 16:47:22 Push All: 3 target devices(s) in DB
05-12-2016 16:47:22 Payload [Choose news!: Firecracker!]
05-12-2016 16:49:23 Push All: 39 target devices(s) in DB
05-12-2016 16:49:23 Payload [Choose news!: Firecracker!]
----05-12-2016 16:49:23 Push All: 3 target devices(s) in DB
05-12-2016 16:49:23 Payload [Choose news!: Firecracker!]
05-12-2016 16:52:44 Push All: 39 target devices(s) in DB
05-12-2016 16:52:44 Payload [Choose news!: Founders is the Phoenix]
05-12-2016 16:52:45 Pushed batch: 39 item(s)
----05-12-2016 16:52:45 Push All: 3 target devices(s) in DB
05-12-2016 16:52:45 Payload [Choose news!: Founders is the Phoenix]
